Running test environment
Pulling docker image docker.io/appsody/java-spring-boot2:0.3
Running command: docker pull docker.io/appsody/java-spring-boot2:0.3
0.3: Pulling from appsody/java-spring-boot2
Digest: sha256:7e3350761cbc1f926478b6cf9a362cf7735d34653031c2314c2f625049346a91
Status: Image is up to date for appsody/java-spring-boot2:0.3
docker.io/appsody/java-spring-boot2:0.3
Running command: docker run --rm -v appsody-controller-latest:/.appsody appsody/init-controller:latest
Running command: docker run --rm -p 35729:35729 -p 5005:5005 -p 8080:8080 -p 8443:8443 --name spring-container-ms-dev -v C:/dev/refarch/refarch-kc-container-ms/appsody-proj/:/project/user-app -v C:/Users/DAVIDJones/.m2/repository:/mvn/repository -v appsody-controller-latest:/.appsody -e KAFKA_BROKERS -e POSTGRESQL_PWD -e POSTGRESQL_USER -e POSTGRESQL_URL -t --entrypoint /.appsody/appsody-controller docker.io/appsody/java-spring-boot2:0.3 "--mode=test"
[Container] Running command:  /project/java-spring-boot2-build.sh test
[Container] [0;34mInstalling parent dev.appsody:spring-boot2-stack:0.3.27 and required dependencies...[0m
[Container] [0;32m> mvn install -q -f /project/appsody-boot2-pom.xml[0m
[Container] [0;34mTest project in the foreground[0m
[Container] [0;32m> mvn package test[0m
[Container] [[1;34mINFO[m] Scanning for projects...
[Container] [[1;34mINFO[m] 
[Container] [[1;34mINFO[m] [1m------------------< [0;36mdev.appsody:spring-container-ms[0;1m >-------------------[m
[Container] [[1;34mINFO[m] [1mBuilding spring-container-ms 1.0-SNAPSHOT[m
[Container] [[1;34mINFO[m] [1m--------------------------------[ jar ]---------------------------------[m
[Container] [[1;34mINFO[m] 
[Container] [[1;34mINFO[m] [1m--- [0;32mmaven-resources-plugin:3.1.0:resources[m [1m(default-resources)[m @ [36mspring-container-ms[0;1m ---[m
[Container] [[1;34mINFO[m] Using 'UTF-8' encoding to copy filtered resources.
[Container] [[1;34mINFO[m] Copying 2 resources
[Container] [[1;34mINFO[m] 
[Container] [[1;34mINFO[m] [1m--- [0;32mmaven-compiler-plugin:3.8.1:compile[m [1m(default-compile)[m @ [36mspring-container-ms[0;1m ---[m
[Container] [[1;34mINFO[m] Nothing to compile - all classes are up to date
[Container] [[1;34mINFO[m] 
[Container] [[1;34mINFO[m] [1m--- [0;32mmaven-antrun-plugin:1.1:run[m [1m(trigger-spring-restart)[m @ [36mspring-container-ms[0;1m ---[m
[Container] [[1;34mINFO[m] Executing tasks
[Container]      [echo] Triggering Spring app restart.
[Container] [[1;34mINFO[m] Executed tasks
[Container] [[1;34mINFO[m] 
[Container] [[1;34mINFO[m] [1m--- [0;32mmaven-resources-plugin:3.1.0:testResources[m [1m(default-testResources)[m @ [36mspring-container-ms[0;1m ---[m
[Container] [[1;34mINFO[m] Using 'UTF-8' encoding to copy filtered resources.
[Container] [[1;34mINFO[m] skip non existing resourceDirectory /project/user-app/src/test/resources
[Container] [[1;34mINFO[m] 
[Container] [[1;34mINFO[m] [1m--- [0;32mmaven-compiler-plugin:3.8.1:testCompile[m [1m(default-testCompile)[m @ [36mspring-container-ms[0;1m ---[m
[Container] [[1;34mINFO[m] Nothing to compile - all classes are up to date
[Container] [[1;34mINFO[m] 
[Container] [[1;34mINFO[m] [1m--- [0;32mmaven-surefire-plugin:2.22.2:test[m [1m(default-test)[m @ [36mspring-container-ms[0;1m ---[m
[Container] [[1;34mINFO[m] 
[Container] [[1;34mINFO[m] -------------------------------------------------------
[Container] [[1;34mINFO[m]  T E S T S
[Container] [[1;34mINFO[m] -------------------------------------------------------
[Container] [[1;34mINFO[m] Running ibm.labs.kc.containermgr.[1mAllocateContainerTest[m
[Container] Mar 25, 2020 3:24:16 PM ibm.labs.kc.containermgr.ContainerService assignContainerToOrder
[Container] SEVERE: [ERROR] - Pickup address for order ORD01 does not belong to any known city.
[Container] Emit order event OrderContainerAssignmentEvent 1585149856895 ORD01 c1
[Container] Emit container event ContainerAssignmentEvent 1585149856895 ORD01 c1
[Container] Emit order event OrderContainerAssignmentEvent 1585149856895 ORD01 c2
[Container] Emit container event ContainerAssignmentEvent 1585149856895 ORD01 c2
[Container] Emit order event OrderContainerAssignmentEvent 1585149856898 ORD01 c1
[Container] Emit container event ContainerAssignmentEvent 1585149856898 ORD01 c1
[Container] [[1;34mINFO[m] [1;32mTests run: [0;1;32m5[m, Failures: 0, Errors: 0, Skipped: 0, Time elapsed: 0.29 s - in ibm.labs.kc.containermgr.[1mAllocateContainerTest[m
[Container] [[1;34mINFO[m] Running ibm.labs.kc.containermgr.[1mCityLocationTest[m
[Container] [[1;34mINFO[m] [1;32mTests run: [0;1;32m3[m, Failures: 0, Errors: 0, Skipped: 0, Time elapsed: 0.003 s - in ibm.labs.kc.containermgr.[1mCityLocationTest[m
[Container] [[1;34mINFO[m] Running ibm.labs.kc.containermgr.[1mContainerDAOTest[m
[Container] [[1;34mINFO[m] [1;32mTests run: [0;1;32m5[m, Failures: 0, Errors: 0, Skipped: 0, Time elapsed: 0.002 s - in ibm.labs.kc.containermgr.[1mContainerDAOTest[m
[Container] [[1;34mINFO[m] Running ibm.labs.kc.containermgr.[1mParseSomeContainerTest[m
[Container] {"containerID":"C2","payload":{"containerID":"C2","latitude":37.0,"longitude":-123.0,"type":"Reefer","brand":"UT-Brand","capacity":200},"timestamp":1585149857187,"type":"ContainerAdded","version":"V1"}
[Container] [[1;34mINFO[m] [1;32mTests run: [0;1;32m2[m, Failures: 0, Errors: 0, Skipped: 0, Time elapsed: 0.126 s - in ibm.labs.kc.containermgr.[1mParseSomeContainerTest[m
[Container] [[1;34mINFO[m] Running it.container.[1mHealthEndpointTest[m
[Container] 15:24:17.608 [main] DEBUG org.springframework.test.context.junit4.SpringJUnit4ClassRunner - SpringJUnit4ClassRunner constructor called with [class it.container.HealthEndpointTest]
[Container] 15:24:17.627 [main] DEBUG org.springframework.test.context.BootstrapUtils - Instantiating CacheAwareContextLoaderDelegate from class [org.springframework.test.context.cache.DefaultCacheAwareContextLoaderDelegate]
[Container] 15:24:17.675 [main] DEBUG org.springframework.test.context.BootstrapUtils - Instantiating BootstrapContext using constructor [public org.springframework.test.context.support.DefaultBootstrapContext(java.lang.Class,org.springframework.test.context.CacheAwareContextLoaderDelegate)]
[Container] 15:24:17.731 [main] DEBUG org.springframework.test.context.BootstrapUtils - Instantiating TestContextBootstrapper for test class [it.container.HealthEndpointTest] from class [org.springframework.boot.test.context.SpringBootTestContextBootstrapper]
[Container] 15:24:17.784 [main] INFO org.springframework.boot.test.context.SpringBootTestContextBootstrapper - Neither @ContextConfiguration nor @ContextHierarchy found for test class [it.container.HealthEndpointTest], using SpringBootContextLoader
[Container] 15:24:17.799 [main] DEBUG org.springframework.test.context.support.AbstractContextLoader - Did not detect default resource location for test class [it.container.HealthEndpointTest]: class path resource [it/container/HealthEndpointTest-context.xml] does not exist
[Container] 15:24:17.802 [main] DEBUG org.springframework.test.context.support.AbstractContextLoader - Did not detect default resource location for test class [it.container.HealthEndpointTest]: class path resource [it/container/HealthEndpointTestContext.groovy] does not exist
[Container] 15:24:17.803 [main] INFO org.springframework.test.context.support.AbstractContextLoader - Could not detect default resource locations for test class [it.container.HealthEndpointTest]: no resource found for suffixes {-context.xml, Context.groovy}.
[Container] 15:24:17.806 [main] INFO org.springframework.test.context.support.AnnotationConfigContextLoaderUtils - Could not detect default configuration classes for test class [it.container.HealthEndpointTest]: HealthEndpointTest does not declare any static, non-private, non-final, nested classes annotated with @Configuration.
[Container] 15:24:17.983 [main] DEBUG org.springframework.test.context.support.ActiveProfilesUtils - Could not find an 'annotation declaring class' for annotation type [org.springframework.test.context.ActiveProfiles] and class [it.container.HealthEndpointTest]
[Container] [[1;31mERROR[m] [1;31mTests [0;1mrun: [0;1m1[m, Failures: 0, [1;31mErrors: [0;1;31m1[m, Skipped: 0, Time elapsed: 0.92 s[1;31m <<< FAILURE![m - in it.container.[1mHealthEndpointTest[m
[Container] [[1;31mERROR[m] initializationError(it.container.HealthEndpointTest)  Time elapsed: 0.012 s  <<< ERROR!
[Container] java.lang.IllegalStateException: Unable to find a @SpringBootConfiguration, you need to use @ContextConfiguration or @SpringBootTest(classes=...) with your test
[Container] 
[Container] [[1;34mINFO[m] Running it.container.[1mPostgreSqlTest[m
[Container] 15:24:18.193 [main] DEBUG org.springframework.test.context.junit4.SpringJUnit4ClassRunner - SpringJUnit4ClassRunner constructor called with [class it.container.PostgreSqlTest]
[Container] 15:24:18.200 [main] DEBUG org.springframework.test.context.BootstrapUtils - Instantiating CacheAwareContextLoaderDelegate from class [org.springframework.test.context.cache.DefaultCacheAwareContextLoaderDelegate]
[Container] 15:24:18.200 [main] DEBUG org.springframework.test.context.BootstrapUtils - Instantiating BootstrapContext using constructor [public org.springframework.test.context.support.DefaultBootstrapContext(java.lang.Class,org.springframework.test.context.CacheAwareContextLoaderDelegate)]
[Container] 15:24:18.201 [main] DEBUG org.springframework.test.context.BootstrapUtils - Instantiating TestContextBootstrapper for test class [it.container.PostgreSqlTest] from class [org.springframework.boot.test.context.SpringBootTestContextBootstrapper]
[Container] 15:24:18.202 [main] INFO org.springframework.boot.test.context.SpringBootTestContextBootstrapper - Neither @ContextConfiguration nor @ContextHierarchy found for test class [it.container.PostgreSqlTest], using SpringBootContextLoader
[Container] 15:24:18.209 [main] DEBUG org.springframework.test.context.support.AbstractContextLoader - Did not detect default resource location for test class [it.container.PostgreSqlTest]: class path resource [it/container/PostgreSqlTest-context.xml] does not exist
[Container] 15:24:18.212 [main] DEBUG org.springframework.test.context.support.AbstractContextLoader - Did not detect default resource location for test class [it.container.PostgreSqlTest]: class path resource [it/container/PostgreSqlTestContext.groovy] does not exist
[Container] 15:24:18.213 [main] INFO org.springframework.test.context.support.AbstractContextLoader - Could not detect default resource locations for test class [it.container.PostgreSqlTest]: no resource found for suffixes {-context.xml, Context.groovy}.
[Container] 15:24:18.223 [main] DEBUG org.springframework.test.context.support.ActiveProfilesUtils - Could not find an 'annotation declaring class' for annotation type [org.springframework.test.context.ActiveProfiles] and class [it.container.PostgreSqlTest]
[Container] 15:24:18.723 [main] DEBUG org.springframework.boot.test.context.SpringBootTestContextBootstrapper - @TestExecutionListeners is not present for class [it.container.PostgreSqlTest]: using defaults.
[Container] 15:24:18.725 [main] INFO org.springframework.boot.test.context.SpringBootTestContextBootstrapper - Loaded default TestExecutionListener class names from location [META-INF/spring.factories]: [org.springframework.test.context.web.ServletTestExecutionListener, org.springframework.test.context.support.DirtiesContextBeforeModesTestExecutionListener, org.springframework.test.context.support.DependencyInjectionTestExecutionListener, org.springframework.test.context.support.DirtiesContextTestExecutionListener, org.springframework.test.context.transaction.TransactionalTestExecutionListener, org.springframework.test.context.jdbc.SqlScriptsTestExecutionListener, org.springframework.boot.test.mock.mockito.MockitoTestExecutionListener, org.springframework.boot.test.mock.mockito.ResetMocksTestExecutionListener, org.springframework.boot.test.autoconfigure.restdocs.RestDocsTestExecutionListener, org.springframework.boot.test.autoconfigure.web.client.MockRestServiceServerResetTestExecutionListener, org.springframework.boot.test.autoconfigure.web.servlet.MockMvcPrintOnlyOnFailureTestExecutionListener, org.springframework.boot.test.autoconfigure.web.servlet.WebDriverTestExecutionListener]
[Container] 15:24:18.806 [main] INFO org.springframework.boot.test.context.SpringBootTestContextBootstrapper - Using TestExecutionListeners: [org.springframework.test.context.web.ServletTestExecutionListener@93dae5d8, org.springframework.test.context.support.DirtiesContextBeforeModesTestExecutionListener@f0b2f515, org.springframework.boot.test.mock.mockito.MockitoTestExecutionListener@f355f3a3, org.springframework.boot.test.autoconfigure.SpringBootDependencyInjectionTestExecutionListener@57ccb244, org.springframework.test.context.support.DirtiesContextTestExecutionListener@a0f594f3, org.springframework.test.context.transaction.TransactionalTestExecutionListener@bfb1b4ed, org.springframework.test.context.jdbc.SqlScriptsTestExecutionListener@c0e120f5, org.springframework.boot.test.mock.mockito.ResetMocksTestExecutionListener@e38f657d, org.springframework.boot.test.autoconfigure.restdocs.RestDocsTestExecutionListener@203473d7, org.springframework.boot.test.autoconfigure.web.client.MockRestServiceServerResetTestExecutionListener@bda4e1f2, org.springframework.boot.test.autoconfigure.web.servlet.MockMvcPrintOnlyOnFailureTestExecutionListener@808679fe, org.springframework.boot.test.autoconfigure.web.servlet.WebDriverTestExecutionListener@74a8c5db]
[Container] 15:24:18.815 [main] DEBUG org.springframework.test.annotation.ProfileValueUtils - Retrieved @ProfileValueSourceConfiguration [null] for test class [it.container.PostgreSqlTest]
[Container] 15:24:18.817 [main] DEBUG org.springframework.test.annotation.ProfileValueUtils - Retrieved ProfileValueSource type [class org.springframework.test.annotation.SystemProfileValueSource] for class [it.container.PostgreSqlTest]
[Container] 15:24:18.818 [main] DEBUG org.springframework.test.annotation.ProfileValueUtils - Retrieved @ProfileValueSourceConfiguration [null] for test class [it.container.PostgreSqlTest]
[Container] 15:24:18.819 [main] DEBUG org.springframework.test.annotation.ProfileValueUtils - Retrieved ProfileValueSource type [class org.springframework.test.annotation.SystemProfileValueSource] for class [it.container.PostgreSqlTest]
[Container] 15:24:18.819 [main] DEBUG org.springframework.test.annotation.ProfileValueUtils - Retrieved @ProfileValueSourceConfiguration [null] for test class [it.container.PostgreSqlTest]
[Container] 15:24:18.820 [main] DEBUG org.springframework.test.annotation.ProfileValueUtils - Retrieved ProfileValueSource type [class org.springframework.test.annotation.SystemProfileValueSource] for class [it.container.PostgreSqlTest]
[Container] 15:24:18.840 [main] DEBUG org.springframework.test.context.support.AbstractDirtiesContextTestExecutionListener - Before test class: context [DefaultTestContext@12349ba8 testClass = PostgreSqlTest, testInstance = [null], testMethod = [null], testException = [null], mergedContextConfiguration = [WebMergedContextConfiguration@cc4ebf91 testClass = PostgreSqlTest, locations = '{}', classes = '{class ibm.labs.kc.containermgr.SBApplication, class ibm.labs.kc.containermgr.SBApplication}', contextInitializerClasses = '[]', activeProfiles = '{}', propertySourceLocations = '{}', propertySourceProperties = '{org.springframework.boot.test.context.SpringBootTestContextBootstrapper=true}', contextCustomizers = set[org.springframework.boot.test.context.filter.ExcludeFilterContextCustomizer@270bfc26, org.springframework.boot.test.json.DuplicateJsonObjectContextCustomizerFactory$DuplicateJsonObjectContextCustomizer@f4ec5a6c, org.springframework.boot.test.mock.mockito.MockitoContextCustomizer@0, org.springframework.boot.test.web.client.TestRestTemplateContextCustomizer@7b0a16a0, org.springframework.boot.test.autoconfigure.properties.PropertyMappingContextCustomizer@0, org.springframework.boot.test.autoconfigure.web.servlet.WebDriverContextCustomizerFactory$Customizer@86e285bc], resourceBasePath = 'src/main/webapp', contextLoader = 'org.springframework.boot.test.context.SpringBootContextLoader', parent = [null]], attributes = map['org.springframework.test.context.web.ServletTestExecutionListener.activateListener' -> true]], class annotated with @DirtiesContext [false] with mode [null].
[Container] 15:24:18.841 [main] DEBUG org.springframework.test.annotation.ProfileValueUtils - Retrieved @ProfileValueSourceConfiguration [null] for test class [it.container.PostgreSqlTest]
[Container] 15:24:18.841 [main] DEBUG org.springframework.test.annotation.ProfileValueUtils - Retrieved ProfileValueSource type [class org.springframework.test.annotation.SystemProfileValueSource] for class [it.container.PostgreSqlTest]
[Container] 15:24:18.950 [main] DEBUG org.springframework.test.context.support.TestPropertySourceUtils - Adding inlined properties to environment: {spring.jmx.enabled=false, org.springframework.boot.test.context.SpringBootTestContextBootstrapper=true, server.port=-1}
[Container] 
[Container]   .   ____          _            __ _ _
[Container]  /\\ / ___'_ __ _ _(_)_ __  __ _ \ \ \ \
[Container] ( ( )\___ | '_ | '_| | '_ \/ _` | \ \ \ \
[Container]  \\/  ___)| |_)| | | | | || (_| |  ) ) ) )
[Container]   '  |____| .__|_| |_|_| |_\__, | / / / /
[Container]  =========|_|==============|___/=/_/_/_/
[Container]  :: Spring Boot ::       (v2.1.12.RELEASE)
[Container] 
[Container] 2020-03-25 15:24:20.296  INFO 195 --- [           main] it.container.PostgreSqlTest              : Starting PostgreSqlTest on 0895f6c1b22a with PID 195 (started by java_user in /project/user-app)
[Container] 2020-03-25 15:24:20.301  INFO 195 --- [           main] it.container.PostgreSqlTest              : No active profile set, falling back to default profiles: default
[Container] 2020-03-25 15:24:24.376  INFO 195 --- [           main] .s.d.r.c.RepositoryConfigurationDelegate : Bootstrapping Spring Data JPA repositories in DEFAULT mode.
[Container] 2020-03-25 15:24:24.593  INFO 195 --- [           main] .s.d.r.c.RepositoryConfigurationDelegate : Finished Spring Data repository scanning in 188ms. Found 1 JPA repository interfaces.
[Container] 2020-03-25 15:24:26.255  INFO 195 --- [           main] trationDelegate$BeanPostProcessorChecker : Bean 'org.springframework.kafka.annotation.KafkaBootstrapConfiguration' of type [org.springframework.kafka.annotation.KafkaBootstrapConfiguration$$EnhancerBySpringCGLIB$$6f56e715] is not eligible for getting processed by all BeanPostProcessors (for example: not eligible for auto-proxying)
[Container] 2020-03-25 15:24:26.497  INFO 195 --- [           main] trationDelegate$BeanPostProcessorChecker : Bean 'org.springframework.transaction.annotation.ProxyTransactionManagementConfiguration' of type [org.springframework.transaction.annotation.ProxyTransactionManagementConfiguration$$EnhancerBySpringCGLIB$$9ba4d592] is not eligible for getting processed by all BeanPostProcessors (for example: not eligible for auto-proxying)
[Container] 2020-03-25 15:24:27.512  INFO 195 --- [           main] com.zaxxer.hikari.HikariDataSource       : HikariPool-1 - Starting...
[Container] 2020-03-25 15:24:27.907  INFO 195 --- [           main] com.zaxxer.hikari.HikariDataSource       : HikariPool-1 - Start completed.
[Container] 2020-03-25 15:24:28.307  INFO 195 --- [           main] o.hibernate.jpa.internal.util.LogHelper  : HHH000204: Processing PersistenceUnitInfo [
[Container] 	name: default
[Container] 	...]
[Container] 2020-03-25 15:24:28.715  INFO 195 --- [           main] org.hibernate.Version                    : HHH000412: Hibernate Core {5.3.15.Final}
[Container] 2020-03-25 15:24:28.725  INFO 195 --- [           main] org.hibernate.cfg.Environment            : HHH000206: hibernate.properties not found
[Container] 2020-03-25 15:24:29.588  INFO 195 --- [           main] o.hibernate.annotations.common.Version   : HCANN000001: Hibernate Commons Annotations {5.0.4.Final}
[Container] 2020-03-25 15:24:30.434  INFO 195 --- [           main] org.hibernate.dialect.Dialect            : HHH000400: Using dialect: org.hibernate.dialect.PostgreSQL9Dialect
[Container] 2020-03-25 15:24:30.546  INFO 195 --- [           main] o.h.e.j.e.i.LobCreatorBuilderImpl        : HHH000422: Disabling contextual LOB creation as connection was null
[Container] 2020-03-25 15:24:30.575  INFO 195 --- [           main] org.hibernate.type.BasicTypeRegistry     : HHH000270: Type registration [java.util.UUID] overrides previous : org.hibernate.type.UUIDBinaryType@3003a89b
[Container] 2020-03-25 15:24:33.729  INFO 195 --- [           main] j.LocalContainerEntityManagerFactoryBean : Initialized JPA EntityManagerFactory for persistence unit 'default'
[Container] 2020-03-25 15:24:35.228  INFO 195 --- [           main] c.l.k.containermgr.dao.ContainerDAOImpl  : jdbc:postgresql://host.docker.internal:32432/postgres
[Container] 2020-03-25 15:24:35.281  INFO 195 --- [           main] c.l.k.c.kafka.ContainerProducerImpl      : @@@@ brokers url:host.docker.internal:32123
[Container] 2020-03-25 15:24:35.281  INFO 195 --- [           main] c.l.k.c.kafka.ContainerProducerImpl      : @@@@ brokers apikey:null
[Container] 2020-03-25 15:24:35.336  INFO 195 --- [           main] .k.c.k.ContainerAnomalyRetryProducerImpl : @@@@ brokers url:host.docker.internal:32123
[Container] 2020-03-25 15:24:35.337  INFO 195 --- [           main] .k.c.k.ContainerAnomalyRetryProducerImpl : @@@@ brokers apikey:null
[Container] 2020-03-25 15:24:35.353  INFO 195 --- [           main] l.k.c.k.ContainerAnomalyDeadProducerImpl : @@@@ brokers url:host.docker.internal:32123
[Container] 2020-03-25 15:24:35.353  INFO 195 --- [           main] l.k.c.k.ContainerAnomalyDeadProducerImpl : @@@@ brokers apikey:null
[Container] 2020-03-25 15:24:38.868  INFO 195 --- [           main] o.c.s.w.s.ServerTracingAutoConfiguration : Creating WebMvcConfigurer bean with class io.opentracing.contrib.spring.web.interceptor.TracingHandlerInterceptor
[Container] 2020-03-25 15:24:40.018  INFO 195 --- [           main] o.s.s.concurrent.ThreadPoolTaskExecutor  : Initializing ExecutorService 'applicationTaskExecutor'
[Container] 2020-03-25 15:24:40.237  WARN 195 --- [           main] aWebConfiguration$JpaWebMvcConfiguration : spring.jpa.open-in-view is enabled by default. Therefore, database queries may be performed during view rendering. Explicitly configure spring.jpa.open-in-view to disable this warning
[Container] 2020-03-25 15:24:40.409  INFO 195 --- [           main] o.s.b.a.w.s.WelcomePageHandlerMapping    : Adding welcome page: class path resource [public/index.html]
[Container] 2020-03-25 15:24:40.996  INFO 195 --- [           main] o.c.s.w.s.ServerTracingAutoConfiguration : Creating FilterRegistrationBean bean with TracingFilter mapped to [], skip pattern is "/api-docs.*|/swagger.*|.*\.png|.*\.css|.*\.js|.*\.html|/favicon.ico|/hystrix.stream|/actuator/(auditevents|auditevents/.*|beans|beans/.*|caches|caches/.*|health|health/.*|conditions|conditions/.*|configprops|configprops/.*|env|env/.*|info|info/.*|loggers|loggers/.*|heapdump|heapdump/.*|threaddump|threaddump/.*|prometheus|prometheus/.*|metrics|metrics/.*|scheduledtasks|scheduledtasks/.*|httptrace|httptrace/.*|mappings|mappings/.*)"
[Container] 2020-03-25 15:24:42.764  INFO 195 --- [           main] o.s.b.a.e.web.EndpointLinksResolver      : Exposing 16 endpoint(s) beneath base path '/actuator'
[Container] 2020-03-25 15:24:43.020  INFO 195 --- [           main] k.c.k.ContainerAnomalyEventRetryConsumer :  Topic:container-anomaly-retry ContainerAnomalyRetrySpringConsumers
[Container] 2020-03-25 15:24:43.379  INFO 195 --- [           main] o.a.kafka.common.utils.AppInfoParser     : Kafka version : 2.0.1
[Container] 2020-03-25 15:24:43.379  INFO 195 --- [           main] o.a.kafka.common.utils.AppInfoParser     : Kafka commitId : fa14705e51bd2ce5
[Container] 2020-03-25 15:24:43.907  INFO 195 --- [           main] org.apache.kafka.clients.Metadata        : Cluster ID: u91sLqO5Q3SglDUKLi0SbA
[Container] 2020-03-25 15:24:43.956  INFO 195 --- [           main] o.a.kafka.common.utils.AppInfoParser     : Kafka version : 2.0.1
[Container] 2020-03-25 15:24:43.957  INFO 195 --- [           main] o.a.kafka.common.utils.AppInfoParser     : Kafka commitId : fa14705e51bd2ce5
[Container] 2020-03-25 15:24:43.965  INFO 195 --- [           main] o.s.s.c.ThreadPoolTaskScheduler          : Initializing ExecutorService
[Container] 2020-03-25 15:24:43.980  INFO 195 --- [           main] c.l.k.c.kafka.ContainerConsumer          :  Topic:containers ContainerSpringConsumers
[Container] 2020-03-25 15:24:43.981  INFO 195 --- [           main] c.l.k.c.kafka.ContainerConsumer          : BPM service enabled: true
[Container] 2020-03-25 15:24:43.981  INFO 195 --- [           main] c.l.k.c.kafka.ContainerConsumer          : BPM service for container anomaly events at: https://postman-echo.com/status/404
[Container] 2020-03-25 15:24:43.995  INFO 195 --- [           main] o.a.kafka.common.utils.AppInfoParser     : Kafka version : 2.0.1
[Container] 2020-03-25 15:24:43.996  INFO 195 --- [           main] o.a.kafka.common.utils.AppInfoParser     : Kafka commitId : fa14705e51bd2ce5
[Container] 2020-03-25 15:24:44.003  INFO 195 --- [ngConsumers-C-1] org.apache.kafka.clients.Metadata        : Cluster ID: u91sLqO5Q3SglDUKLi0SbA
[Container] 2020-03-25 15:24:44.004  INFO 195 --- [ngConsumers-C-1] o.a.k.c.c.internals.AbstractCoordinator  : [Consumer clientId=consumer-2, groupId=ContainerAnomalyRetrySpringConsumers] Discovered group coordinator 192.168.65.3:31872 (id: 2147483647 rack: null)
[Container] 2020-03-25 15:24:44.007  INFO 195 --- [           main] org.apache.kafka.clients.Metadata        : Cluster ID: u91sLqO5Q3SglDUKLi0SbA
[Container] 2020-03-25 15:24:44.014  INFO 195 --- [ngConsumers-C-1] o.a.k.c.c.internals.ConsumerCoordinator  : [Consumer clientId=consumer-2, groupId=ContainerAnomalyRetrySpringConsumers] Revoking previously assigned partitions []
[Container] 2020-03-25 15:24:44.014  INFO 195 --- [ngConsumers-C-1] o.s.k.l.KafkaMessageListenerContainer    : partitions revoked: []
[Container] 2020-03-25 15:24:44.014  INFO 195 --- [ngConsumers-C-1] o.a.k.c.c.internals.AbstractCoordinator  : [Consumer clientId=consumer-2, groupId=ContainerAnomalyRetrySpringConsumers] (Re-)joining group
[Container] 2020-03-25 15:24:44.027  INFO 195 --- [           main] o.a.kafka.common.utils.AppInfoParser     : Kafka version : 2.0.1
[Container] 2020-03-25 15:24:44.027  INFO 195 --- [           main] o.a.kafka.common.utils.AppInfoParser     : Kafka commitId : fa14705e51bd2ce5
[Container] 2020-03-25 15:24:44.028  INFO 195 --- [           main] o.s.s.c.ThreadPoolTaskScheduler          : Initializing ExecutorService
[Container] 2020-03-25 15:24:44.029  INFO 195 --- [           main] c.l.kc.containermgr.kafka.OrderConsumer  :  Topic:orders OrderSpringConsumers
[Container] 2020-03-25 15:24:44.041  INFO 195 --- [ngConsumers-C-1] org.apache.kafka.clients.Metadata        : Cluster ID: u91sLqO5Q3SglDUKLi0SbA
[Container] 2020-03-25 15:24:44.041  INFO 195 --- [ngConsumers-C-1] o.a.k.c.c.internals.AbstractCoordinator  : [Consumer clientId=consumer-4, groupId=ContainerSpringConsumers] Discovered group coordinator 192.168.65.3:31872 (id: 2147483647 rack: null)
[Container] 2020-03-25 15:24:44.043  INFO 195 --- [ngConsumers-C-1] o.a.k.c.c.internals.ConsumerCoordinator  : [Consumer clientId=consumer-4, groupId=ContainerSpringConsumers] Revoking previously assigned partitions []
[Container] 2020-03-25 15:24:44.043  INFO 195 --- [ngConsumers-C-1] o.s.k.l.KafkaMessageListenerContainer    : partitions revoked: []
[Container] 2020-03-25 15:24:44.043  INFO 195 --- [ngConsumers-C-1] o.a.k.c.c.internals.AbstractCoordinator  : [Consumer clientId=consumer-4, groupId=ContainerSpringConsumers] (Re-)joining group
[Container] 2020-03-25 15:24:44.050  INFO 195 --- [           main] o.a.kafka.common.utils.AppInfoParser     : Kafka version : 2.0.1
[Container] 2020-03-25 15:24:44.050  INFO 195 --- [           main] o.a.kafka.common.utils.AppInfoParser     : Kafka commitId : fa14705e51bd2ce5
[Container] 2020-03-25 15:24:44.062  INFO 195 --- [           main] org.apache.kafka.clients.Metadata        : Cluster ID: u91sLqO5Q3SglDUKLi0SbA
[Container] 2020-03-25 15:24:44.080  INFO 195 --- [           main] o.a.kafka.common.utils.AppInfoParser     : Kafka version : 2.0.1
[Container] 2020-03-25 15:24:44.081  INFO 195 --- [           main] o.a.kafka.common.utils.AppInfoParser     : Kafka commitId : fa14705e51bd2ce5
[Container] 2020-03-25 15:24:44.081  INFO 195 --- [           main] o.s.s.c.ThreadPoolTaskScheduler          : Initializing ExecutorService
[Container] 2020-03-25 15:24:44.094  INFO 195 --- [ngConsumers-C-1] org.apache.kafka.clients.Metadata        : Cluster ID: u91sLqO5Q3SglDUKLi0SbA
[Container] 2020-03-25 15:24:44.094  INFO 195 --- [ngConsumers-C-1] o.a.k.c.c.internals.AbstractCoordinator  : [Consumer clientId=consumer-6, groupId=OrderSpringConsumers] Discovered group coordinator 192.168.65.3:31872 (id: 2147483647 rack: null)
[Container] 2020-03-25 15:24:44.096  INFO 195 --- [ngConsumers-C-1] o.a.k.c.c.internals.ConsumerCoordinator  : [Consumer clientId=consumer-6, groupId=OrderSpringConsumers] Revoking previously assigned partitions []
[Container] 2020-03-25 15:24:44.096  INFO 195 --- [ngConsumers-C-1] o.s.k.l.KafkaMessageListenerContainer    : partitions revoked: []
[Container] 2020-03-25 15:24:44.097  INFO 195 --- [ngConsumers-C-1] o.a.k.c.c.internals.AbstractCoordinator  : [Consumer clientId=consumer-6, groupId=OrderSpringConsumers] (Re-)joining group
[Container] 2020-03-25 15:24:44.129  INFO 195 --- [           main] it.container.PostgreSqlTest              : Started PostgreSqlTest in 25.145 seconds (JVM running for 28.489)
[Container] The following endpoints are available by default :-
[Container]   Health        : http://localhost:8080/actuator/health
[Container]   Application   : http://localhost:8080/containers/
[Container] [[1;34mINFO[m] [1;32mTests run: [0;1;32m3[m, Failures: 0, Errors: 0, Skipped: 0, Time elapsed: 26.744 s - in it.container.[1mPostgreSqlTest[m
[Container] [[1;34mINFO[m] Running it.container.kafka.[1mContainerAPITest[m
[Container] 2020-03-25 15:24:44.947  INFO 195 --- [           main] .b.t.c.SpringBootTestContextBootstrapper : Neither @ContextConfiguration nor @ContextHierarchy found for test class [it.container.kafka.ContainerAPITest], using SpringBootContextLoader
[Container] 2020-03-25 15:24:44.951  INFO 195 --- [           main] o.s.t.c.support.AbstractContextLoader    : Could not detect default resource locations for test class [it.container.kafka.ContainerAPITest]: no resource found for suffixes {-context.xml, Context.groovy}.
[Container] 2020-03-25 15:24:44.959  INFO 195 --- [           main] .b.t.c.SpringBootTestContextBootstrapper : Loaded default TestExecutionListener class names from location [META-INF/spring.factories]: [org.springframework.test.context.web.ServletTestExecutionListener, org.springframework.test.context.support.DirtiesContextBeforeModesTestExecutionListener, org.springframework.test.context.support.DependencyInjectionTestExecutionListener, org.springframework.test.context.support.DirtiesContextTestExecutionListener, org.springframework.test.context.transaction.TransactionalTestExecutionListener, org.springframework.test.context.jdbc.SqlScriptsTestExecutionListener, org.springframework.boot.test.mock.mockito.MockitoTestExecutionListener, org.springframework.boot.test.mock.mockito.ResetMocksTestExecutionListener, org.springframework.boot.test.autoconfigure.restdocs.RestDocsTestExecutionListener, org.springframework.boot.test.autoconfigure.web.client.MockRestServiceServerResetTestExecutionListener, org.springframework.boot.test.autoconfigure.web.servlet.MockMvcPrintOnlyOnFailureTestExecutionListener, org.springframework.boot.test.autoconfigure.web.servlet.WebDriverTestExecutionListener]
[Container] 2020-03-25 15:24:44.960  INFO 195 --- [           main] .b.t.c.SpringBootTestContextBootstrapper : Using TestExecutionListeners: [org.springframework.test.context.web.ServletTestExecutionListener@6f2fa338, org.springframework.test.context.support.DirtiesContextBeforeModesTestExecutionListener@84650b1d, org.springframework.boot.test.mock.mockito.MockitoTestExecutionListener@330cd898, org.springframework.boot.test.autoconfigure.SpringBootDependencyInjectionTestExecutionListener@7f037f35, org.springframework.test.context.support.DirtiesContextTestExecutionListener@b9efa01e, org.springframework.test.context.transaction.TransactionalTestExecutionListener@24a881, org.springframework.test.context.jdbc.SqlScriptsTestExecutionListener@da126fda, org.springframework.boot.test.mock.mockito.ResetMocksTestExecutionListener@5030498, org.springframework.boot.test.autoconfigure.restdocs.RestDocsTestExecutionListener@beef60c4, org.springframework.boot.test.autoconfigure.web.client.MockRestServiceServerResetTestExecutionListener@dcdc04e6, org.springframework.boot.test.autoconfigure.web.servlet.MockMvcPrintOnlyOnFailureTestExecutionListener@a90c93f3, org.springframework.boot.test.autoconfigure.web.servlet.WebDriverTestExecutionListener@fc30b289]
[Container] 
[Container]   .   ____          _            __ _ _
[Container]  /\\ / ___'_ __ _ _(_)_ __  __ _ \ \ \ \
[Container] ( ( )\___ | '_ | '_| | '_ \/ _` | \ \ \ \
[Container]  \\/  ___)| |_)| | | | | || (_| |  ) ) ) )
[Container]   '  |____| .__|_| |_|_| |_\__, | / / / /
[Container]  =========|_|==============|___/=/_/_/_/
[Container]  :: Spring Boot ::       (v2.1.12.RELEASE)
[Container] 
[Container] 2020-03-25 15:24:45.202  INFO 195 --- [           main] it.container.kafka.ContainerAPITest      : Starting ContainerAPITest on 0895f6c1b22a with PID 195 (started by java_user in /project/user-app)
[Container] 2020-03-25 15:24:45.203  INFO 195 --- [           main] it.container.kafka.ContainerAPITest      : No active profile set, falling back to default profiles: default
[Container] 2020-03-25 15:24:46.539  INFO 195 --- [           main] .s.d.r.c.RepositoryConfigurationDelegate : Bootstrapping Spring Data JPA repositories in DEFAULT mode.
[Container] 2020-03-25 15:24:46.599  INFO 195 --- [           main] .s.d.r.c.RepositoryConfigurationDelegate : Finished Spring Data repository scanning in 60ms. Found 1 JPA repository interfaces.
[Container] 2020-03-25 15:24:46.896  INFO 195 --- [           main] trationDelegate$BeanPostProcessorChecker : Bean 'org.springframework.kafka.annotation.KafkaBootstrapConfiguration' of type [org.springframework.kafka.annotation.KafkaBootstrapConfiguration$$EnhancerBySpringCGLIB$$6f56e715] is not eligible for getting processed by all BeanPostProcessors (for example: not eligible for auto-proxying)
[Container] 2020-03-25 15:24:46.981  INFO 195 --- [           main] trationDelegate$BeanPostProcessorChecker : Bean 'org.springframework.transaction.annotation.ProxyTransactionManagementConfiguration' of type [org.springframework.transaction.annotation.ProxyTransactionManagementConfiguration$$EnhancerBySpringCGLIB$$9ba4d592] is not eligible for getting processed by all BeanPostProcessors (for example: not eligible for auto-proxying)
[Container] 2020-03-25 15:24:47.041  INFO 195 --- [ngConsumers-C-1] o.a.k.c.c.internals.AbstractCoordinator  : [Consumer clientId=consumer-2, groupId=ContainerAnomalyRetrySpringConsumers] Successfully joined group with generation 9
[Container] 2020-03-25 15:24:47.045  INFO 195 --- [ngConsumers-C-1] o.a.k.c.c.internals.ConsumerCoordinator  : [Consumer clientId=consumer-2, groupId=ContainerAnomalyRetrySpringConsumers] Setting newly assigned partitions [container-anomaly-retry-0]
[Container] 2020-03-25 15:24:47.045  INFO 195 --- [ngConsumers-C-1] o.s.k.l.KafkaMessageListenerContainer    : partitions assigned: [container-anomaly-retry-0]
[Container] 2020-03-25 15:24:47.053  INFO 195 --- [ngConsumers-C-1] o.a.k.c.c.internals.AbstractCoordinator  : [Consumer clientId=consumer-4, groupId=ContainerSpringConsumers] Successfully joined group with generation 8
[Container] 2020-03-25 15:24:47.054  INFO 195 --- [ngConsumers-C-1] o.a.k.c.c.internals.ConsumerCoordinator  : [Consumer clientId=consumer-4, groupId=ContainerSpringConsumers] Setting newly assigned partitions [containers-0]
[Container] 2020-03-25 15:24:47.055  INFO 195 --- [ngConsumers-C-1] o.s.k.l.KafkaMessageListenerContainer    : partitions assigned: [containers-0]
[Container] 2020-03-25 15:24:47.109  INFO 195 --- [ngConsumers-C-1] o.a.k.c.c.internals.AbstractCoordinator  : [Consumer clientId=consumer-6, groupId=OrderSpringConsumers] Successfully joined group with generation 8
[Container] 2020-03-25 15:24:47.110  INFO 195 --- [ngConsumers-C-1] o.a.k.c.c.internals.ConsumerCoordinator  : [Consumer clientId=consumer-6, groupId=OrderSpringConsumers] Setting newly assigned partitions [orders-0]
[Container] 2020-03-25 15:24:47.110  INFO 195 --- [ngConsumers-C-1] o.s.k.l.KafkaMessageListenerContainer    : partitions assigned: [orders-0]
[Container] 2020-03-25 15:24:47.836  INFO 195 --- [           main] o.s.b.w.embedded.tomcat.TomcatWebServer  : Tomcat initialized with port(s): 0 (http)
[Container] 2020-03-25 15:24:47.935  INFO 195 --- [           main] o.apache.catalina.core.StandardService   : Starting service [Tomcat]
[Container] 2020-03-25 15:24:47.936  INFO 195 --- [           main] org.apache.catalina.core.StandardEngine  : Starting Servlet engine: [Apache Tomcat/9.0.30]
[Container] 2020-03-25 15:24:48.503  INFO 195 --- [           main] o.a.c.c.C.[Tomcat].[localhost].[/]       : Initializing Spring embedded WebApplicationContext
[Container] 2020-03-25 15:24:48.504  INFO 195 --- [           main] o.s.web.context.ContextLoader            : Root WebApplicationContext: initialization completed in 3289 ms
[Container] 2020-03-25 15:24:50.037  INFO 195 --- [           main] o.c.s.w.s.ServerTracingAutoConfiguration : Creating FilterRegistrationBean bean with TracingFilter mapped to [], skip pattern is "/api-docs.*|/swagger.*|.*\.png|.*\.css|.*\.js|.*\.html|/favicon.ico|/hystrix.stream|/actuator/(auditevents|auditevents/.*|beans|beans/.*|caches|caches/.*|health|health/.*|conditions|conditions/.*|configprops|configprops/.*|env|env/.*|info|info/.*|loggers|loggers/.*|heapdump|heapdump/.*|threaddump|threaddump/.*|prometheus|prometheus/.*|metrics|metrics/.*|scheduledtasks|scheduledtasks/.*|httptrace|httptrace/.*|mappings|mappings/.*)"
[Container] 2020-03-25 15:24:50.849  INFO 195 --- [           main] com.zaxxer.hikari.HikariDataSource       : HikariPool-2 - Starting...
[Container] 2020-03-25 15:24:50.882  INFO 195 --- [           main] com.zaxxer.hikari.HikariDataSource       : HikariPool-2 - Start completed.
[Container] 2020-03-25 15:24:50.975  INFO 195 --- [           main] o.hibernate.jpa.internal.util.LogHelper  : HHH000204: Processing PersistenceUnitInfo [
[Container] 	name: default
[Container] 	...]
[Container] 2020-03-25 15:24:51.049  INFO 195 --- [           main] org.hibernate.dialect.Dialect            : HHH000400: Using dialect: org.hibernate.dialect.PostgreSQL9Dialect
[Container] 2020-03-25 15:24:51.052  INFO 195 --- [           main] o.h.e.j.e.i.LobCreatorBuilderImpl        : HHH000422: Disabling contextual LOB creation as connection was null
[Container] 2020-03-25 15:24:51.053  INFO 195 --- [           main] org.hibernate.type.BasicTypeRegistry     : HHH000270: Type registration [java.util.UUID] overrides previous : org.hibernate.type.UUIDBinaryType@3003a89b
[Container] 2020-03-25 15:24:51.385  INFO 195 --- [           main] j.LocalContainerEntityManagerFactoryBean : Initialized JPA EntityManagerFactory for persistence unit 'default'
[Container] 2020-03-25 15:24:51.603  INFO 195 --- [           main] c.l.k.containermgr.dao.ContainerDAOImpl  : jdbc:postgresql://host.docker.internal:32432/postgres
[Container] 2020-03-25 15:24:51.616  INFO 195 --- [           main] c.l.k.c.kafka.ContainerProducerImpl      : @@@@ brokers url:host.docker.internal:32123
[Container] 2020-03-25 15:24:51.616  INFO 195 --- [           main] c.l.k.c.kafka.ContainerProducerImpl      : @@@@ brokers apikey:null
[Container] 2020-03-25 15:24:51.645  INFO 195 --- [           main] .k.c.k.ContainerAnomalyRetryProducerImpl : @@@@ brokers url:host.docker.internal:32123
[Container] 2020-03-25 15:24:51.646  INFO 195 --- [           main] .k.c.k.ContainerAnomalyRetryProducerImpl : @@@@ brokers apikey:null
[Container] 2020-03-25 15:24:51.658  INFO 195 --- [           main] l.k.c.k.ContainerAnomalyDeadProducerImpl : @@@@ brokers url:host.docker.internal:32123
[Container] 2020-03-25 15:24:51.659  INFO 195 --- [           main] l.k.c.k.ContainerAnomalyDeadProducerImpl : @@@@ brokers apikey:null
[Container] 2020-03-25 15:24:52.117  INFO 195 --- [           main] o.c.s.w.s.ServerTracingAutoConfiguration : Creating WebMvcConfigurer bean with class io.opentracing.contrib.spring.web.interceptor.TracingHandlerInterceptor
[Container] 2020-03-25 15:24:52.585  INFO 195 --- [           main] o.s.s.concurrent.ThreadPoolTaskExecutor  : Initializing ExecutorService 'applicationTaskExecutor'
[Container] 2020-03-25 15:24:52.636  WARN 195 --- [           main] aWebConfiguration$JpaWebMvcConfiguration : spring.jpa.open-in-view is enabled by default. Therefore, database queries may be performed during view rendering. Explicitly configure spring.jpa.open-in-view to disable this warning
[Container] 2020-03-25 15:24:52.740  INFO 195 --- [           main] o.s.b.a.w.s.WelcomePageHandlerMapping    : Adding welcome page: class path resource [public/index.html]
[Container] 2020-03-25 15:24:54.227  INFO 195 --- [           main] o.s.b.a.e.web.EndpointLinksResolver      : Exposing 16 endpoint(s) beneath base path '/actuator'
[Container] 2020-03-25 15:24:54.894  INFO 195 --- [           main] k.c.k.ContainerAnomalyEventRetryConsumer :  Topic:container-anomaly-retry ContainerAnomalyRetrySpringConsumers
[Container] 2020-03-25 15:24:54.906  INFO 195 --- [           main] o.a.kafka.common.utils.AppInfoParser     : Kafka version : 2.0.1
[Container] 2020-03-25 15:24:54.906  INFO 195 --- [           main] o.a.kafka.common.utils.AppInfoParser     : Kafka commitId : fa14705e51bd2ce5
[Container] 2020-03-25 15:24:54.916  INFO 195 --- [           main] org.apache.kafka.clients.Metadata        : Cluster ID: u91sLqO5Q3SglDUKLi0SbA
[Container] 2020-03-25 15:24:54.928  INFO 195 --- [           main] o.a.kafka.common.utils.AppInfoParser     : Kafka version : 2.0.1
[Container] 2020-03-25 15:24:54.928  INFO 195 --- [           main] o.a.kafka.common.utils.AppInfoParser     : Kafka commitId : fa14705e51bd2ce5
[Container] 2020-03-25 15:24:54.928  INFO 195 --- [           main] o.s.s.c.ThreadPoolTaskScheduler          : Initializing ExecutorService
[Container] 2020-03-25 15:24:54.930  INFO 195 --- [           main] c.l.k.c.kafka.ContainerConsumer          :  Topic:containers ContainerSpringConsumers
[Container] 2020-03-25 15:24:54.931  INFO 195 --- [           main] c.l.k.c.kafka.ContainerConsumer          : BPM service enabled: true
[Container] 2020-03-25 15:24:54.934  INFO 195 --- [           main] c.l.k.c.kafka.ContainerConsumer          : BPM service for container anomaly events at: https://postman-echo.com/status/404
[Container] 2020-03-25 15:24:54.940  INFO 195 --- [ngConsumers-C-1] org.apache.kafka.clients.Metadata        : Cluster ID: u91sLqO5Q3SglDUKLi0SbA
[Container] 2020-03-25 15:24:54.941  INFO 195 --- [ngConsumers-C-1] o.a.k.c.c.internals.AbstractCoordinator  : [Consumer clientId=consumer-8, groupId=ContainerAnomalyRetrySpringConsumers] Discovered group coordinator 192.168.65.3:31872 (id: 2147483647 rack: null)
[Container] 2020-03-25 15:24:54.943  INFO 195 --- [ngConsumers-C-1] o.a.k.c.c.internals.ConsumerCoordinator  : [Consumer clientId=consumer-8, groupId=ContainerAnomalyRetrySpringConsumers] Revoking previously assigned partitions []
[Container] 2020-03-25 15:24:54.944  INFO 195 --- [ngConsumers-C-1] o.s.k.l.KafkaMessageListenerContainer    : partitions revoked: []
[Container] 2020-03-25 15:24:54.945  INFO 195 --- [ngConsumers-C-1] o.a.k.c.c.internals.AbstractCoordinator  : [Consumer clientId=consumer-8, groupId=ContainerAnomalyRetrySpringConsumers] (Re-)joining group
[Container] 2020-03-25 15:24:54.945  INFO 195 --- [           main] o.a.kafka.common.utils.AppInfoParser     : Kafka version : 2.0.1
[Container] 2020-03-25 15:24:54.945  INFO 195 --- [           main] o.a.kafka.common.utils.AppInfoParser     : Kafka commitId : fa14705e51bd2ce5
[Container] 2020-03-25 15:24:54.957  INFO 195 --- [           main] org.apache.kafka.clients.Metadata        : Cluster ID: u91sLqO5Q3SglDUKLi0SbA
[Container] 2020-03-25 15:24:54.974  INFO 195 --- [           main] o.a.kafka.common.utils.AppInfoParser     : Kafka version : 2.0.1
[Container] 2020-03-25 15:24:54.975  INFO 195 --- [           main] o.a.kafka.common.utils.AppInfoParser     : Kafka commitId : fa14705e51bd2ce5
[Container] 2020-03-25 15:24:54.975  INFO 195 --- [           main] o.s.s.c.ThreadPoolTaskScheduler          : Initializing ExecutorService
[Container] 2020-03-25 15:24:54.978  INFO 195 --- [           main] c.l.kc.containermgr.kafka.OrderConsumer  :  Topic:orders OrderSpringConsumers
[Container] 2020-03-25 15:24:54.994  INFO 195 --- [           main] o.a.kafka.common.utils.AppInfoParser     : Kafka version : 2.0.1
[Container] 2020-03-25 15:24:54.994  INFO 195 --- [           main] o.a.kafka.common.utils.AppInfoParser     : Kafka commitId : fa14705e51bd2ce5
[Container] 2020-03-25 15:24:55.001  INFO 195 --- [ngConsumers-C-1] org.apache.kafka.clients.Metadata        : Cluster ID: u91sLqO5Q3SglDUKLi0SbA
[Container] 2020-03-25 15:24:55.002  INFO 195 --- [ngConsumers-C-1] o.a.k.c.c.internals.AbstractCoordinator  : [Consumer clientId=consumer-10, groupId=ContainerSpringConsumers] Discovered group coordinator 192.168.65.3:31872 (id: 2147483647 rack: null)
[Container] 2020-03-25 15:24:55.003  INFO 195 --- [ngConsumers-C-1] o.a.k.c.c.internals.ConsumerCoordinator  : [Consumer clientId=consumer-10, groupId=ContainerSpringConsumers] Revoking previously assigned partitions []
[Container] 2020-03-25 15:24:55.004  INFO 195 --- [ngConsumers-C-1] o.s.k.l.KafkaMessageListenerContainer    : partitions revoked: []
[Container] 2020-03-25 15:24:55.004  INFO 195 --- [ngConsumers-C-1] o.a.k.c.c.internals.AbstractCoordinator  : [Consumer clientId=consumer-10, groupId=ContainerSpringConsumers] (Re-)joining group
[Container] 2020-03-25 15:24:55.008  INFO 195 --- [           main] org.apache.kafka.clients.Metadata        : Cluster ID: u91sLqO5Q3SglDUKLi0SbA
[Container] 2020-03-25 15:24:55.021  INFO 195 --- [           main] o.a.kafka.common.utils.AppInfoParser     : Kafka version : 2.0.1
[Container] 2020-03-25 15:24:55.021  INFO 195 --- [           main] o.a.kafka.common.utils.AppInfoParser     : Kafka commitId : fa14705e51bd2ce5
[Container] 2020-03-25 15:24:55.021  INFO 195 --- [           main] o.s.s.c.ThreadPoolTaskScheduler          : Initializing ExecutorService
[Container] 2020-03-25 15:24:55.034  INFO 195 --- [ngConsumers-C-1] org.apache.kafka.clients.Metadata        : Cluster ID: u91sLqO5Q3SglDUKLi0SbA
[Container] 2020-03-25 15:24:55.035  INFO 195 --- [ngConsumers-C-1] o.a.k.c.c.internals.AbstractCoordinator  : [Consumer clientId=consumer-12, groupId=OrderSpringConsumers] Discovered group coordinator 192.168.65.3:31872 (id: 2147483647 rack: null)
[Container] 2020-03-25 15:24:55.037  INFO 195 --- [ngConsumers-C-1] o.a.k.c.c.internals.ConsumerCoordinator  : [Consumer clientId=consumer-12, groupId=OrderSpringConsumers] Revoking previously assigned partitions []
[Container] 2020-03-25 15:24:55.037  INFO 195 --- [ngConsumers-C-1] o.s.k.l.KafkaMessageListenerContainer    : partitions revoked: []
[Container] 2020-03-25 15:24:55.037  INFO 195 --- [ngConsumers-C-1] o.a.k.c.c.internals.AbstractCoordinator  : [Consumer clientId=consumer-12, groupId=OrderSpringConsumers] (Re-)joining group
[Container] 2020-03-25 15:24:55.078  INFO 195 --- [           main] o.s.b.w.embedded.tomcat.TomcatWebServer  : Tomcat started on port(s): 43529 (http) with context path ''
[Container] 2020-03-25 15:24:55.080  INFO 195 --- [           main] it.container.kafka.ContainerAPITest      : Started ContainerAPITest in 10.112 seconds (JVM running for 39.44)
[Container] The following endpoints are available by default :-
[Container]   Health        : http://localhost:8080/actuator/health
[Container]   Application   : http://localhost:8080/containers/
[Container] 2020-03-25 15:24:55.649  INFO 195 --- [o-auto-1-exec-1] o.a.c.c.C.[Tomcat].[localhost].[/]       : Initializing Spring DispatcherServlet 'dispatcherServlet'
[Container] 2020-03-25 15:24:55.649  INFO 195 --- [o-auto-1-exec-1] o.s.web.servlet.DispatcherServlet        : Initializing Servlet 'dispatcherServlet'
[Container] 2020-03-25 15:24:55.697  INFO 195 --- [o-auto-1-exec-1] o.s.web.servlet.DispatcherServlet        : Completed initialization in 48 ms
[Container] 2020-03-25 15:24:55.934  INFO 195 --- [o-auto-1-exec-1] i.j.internal.reporters.LoggingReporter   : Span reported: 53c0828969ed41a0:c7bb98907525434d:53c0828969ed41a0:1 - getContainerById
[Container] 2020-03-25 15:24:55.934  INFO 195 --- [           main] i.j.internal.reporters.LoggingReporter   : Span reported: 53c0828969ed41a0:53c0828969ed41a0:0:1 - GET
[Container] 2020-03-25 15:24:56.046  INFO 195 --- [ngConsumers-C-1] o.a.k.c.c.internals.AbstractCoordinator  : [Consumer clientId=consumer-2, groupId=ContainerAnomalyRetrySpringConsumers] Attempt to heartbeat failed since group is rebalancing
[Container] 2020-03-25 15:24:56.048  INFO 195 --- [ngConsumers-C-1] o.a.k.c.c.internals.ConsumerCoordinator  : [Consumer clientId=consumer-2, groupId=ContainerAnomalyRetrySpringConsumers] Revoking previously assigned partitions [container-anomaly-retry-0]
[Container] 2020-03-25 15:24:56.048  INFO 195 --- [ngConsumers-C-1] o.s.k.l.KafkaMessageListenerContainer    : partitions revoked: [container-anomaly-retry-0]
[Container] 2020-03-25 15:24:56.048  INFO 195 --- [ngConsumers-C-1] o.a.k.c.c.internals.AbstractCoordinator  : [Consumer clientId=consumer-2, groupId=ContainerAnomalyRetrySpringConsumers] (Re-)joining group
[Container] 2020-03-25 15:24:56.053  INFO 195 --- [ngConsumers-C-1] o.a.k.c.c.internals.AbstractCoordinator  : [Consumer clientId=consumer-2, groupId=ContainerAnomalyRetrySpringConsumers] Successfully joined group with generation 10
[Container] 2020-03-25 15:24:56.053  INFO 195 --- [ngConsumers-C-1] o.a.k.c.c.internals.AbstractCoordinator  : [Consumer clientId=consumer-8, groupId=ContainerAnomalyRetrySpringConsumers] Successfully joined group with generation 10
[Container] 2020-03-25 15:24:56.053  INFO 195 --- [ngConsumers-C-1] o.a.k.c.c.internals.ConsumerCoordinator  : [Consumer clientId=consumer-8, groupId=ContainerAnomalyRetrySpringConsumers] Setting newly assigned partitions []
[Container] 2020-03-25 15:24:56.053  INFO 195 --- [ngConsumers-C-1] o.a.k.c.c.internals.ConsumerCoordinator  : [Consumer clientId=consumer-2, groupId=ContainerAnomalyRetrySpringConsumers] Setting newly assigned partitions [container-anomaly-retry-0]
[Container] 2020-03-25 15:24:56.053  INFO 195 --- [ngConsumers-C-1] o.s.k.l.KafkaMessageListenerContainer    : partitions assigned: []
[Container] 2020-03-25 15:24:56.053  INFO 195 --- [ngConsumers-C-1] o.s.k.l.KafkaMessageListenerContainer    : partitions assigned: [container-anomaly-retry-0]
[Container] 2020-03-25 15:24:56.057  INFO 195 --- [ngConsumers-C-1] o.a.k.c.c.internals.AbstractCoordinator  : [Consumer clientId=consumer-4, groupId=ContainerSpringConsumers] Attempt to heartbeat failed since group is rebalancing
[Container] 2020-03-25 15:24:56.059  INFO 195 --- [ngConsumers-C-1] o.a.k.c.c.internals.ConsumerCoordinator  : [Consumer clientId=consumer-4, groupId=ContainerSpringConsumers] Revoking previously assigned partitions [containers-0]
[Container] 2020-03-25 15:24:56.059  INFO 195 --- [ngConsumers-C-1] o.s.k.l.KafkaMessageListenerContainer    : partitions revoked: [containers-0]
[Container] 2020-03-25 15:24:56.060  INFO 195 --- [ngConsumers-C-1] o.a.k.c.c.internals.AbstractCoordinator  : [Consumer clientId=consumer-4, groupId=ContainerSpringConsumers] (Re-)joining group
[Container] 2020-03-25 15:24:56.065  INFO 195 --- [ngConsumers-C-1] o.a.k.c.c.internals.AbstractCoordinator  : [Consumer clientId=consumer-4, groupId=ContainerSpringConsumers] Successfully joined group with generation 9
[Container] 2020-03-25 15:24:56.065  INFO 195 --- [ngConsumers-C-1] o.a.k.c.c.internals.AbstractCoordinator  : [Consumer clientId=consumer-10, groupId=ContainerSpringConsumers] Successfully joined group with generation 9
[Container] 2020-03-25 15:24:56.066  INFO 195 --- [ngConsumers-C-1] o.a.k.c.c.internals.ConsumerCoordinator  : [Consumer clientId=consumer-10, groupId=ContainerSpringConsumers] Setting newly assigned partitions [containers-0]
[Container] 2020-03-25 15:24:56.066  INFO 195 --- [ngConsumers-C-1] o.s.k.l.KafkaMessageListenerContainer    : partitions assigned: [containers-0]
[Container] 2020-03-25 15:24:56.066  INFO 195 --- [ngConsumers-C-1] o.a.k.c.c.internals.ConsumerCoordinator  : [Consumer clientId=consumer-4, groupId=ContainerSpringConsumers] Setting newly assigned partitions []
[Container] 2020-03-25 15:24:56.066  INFO 195 --- [ngConsumers-C-1] o.s.k.l.KafkaMessageListenerContainer    : partitions assigned: []
[Container] 2020-03-25 15:24:56.113  INFO 195 --- [ngConsumers-C-1] o.a.k.c.c.internals.AbstractCoordinator  : [Consumer clientId=consumer-6, groupId=OrderSpringConsumers] Attempt to heartbeat failed since group is rebalancing
[Container] 2020-03-25 15:24:56.115  INFO 195 --- [ngConsumers-C-1] o.a.k.c.c.internals.ConsumerCoordinator  : [Consumer clientId=consumer-6, groupId=OrderSpringConsumers] Revoking previously assigned partitions [orders-0]
[Container] 2020-03-25 15:24:56.115  INFO 195 --- [ngConsumers-C-1] o.s.k.l.KafkaMessageListenerContainer    : partitions revoked: [orders-0]
[Container] 2020-03-25 15:24:56.115  INFO 195 --- [ngConsumers-C-1] o.a.k.c.c.internals.AbstractCoordinator  : [Consumer clientId=consumer-6, groupId=OrderSpringConsumers] (Re-)joining group
[Container] 2020-03-25 15:24:56.121  INFO 195 --- [ngConsumers-C-1] o.a.k.c.c.internals.AbstractCoordinator  : [Consumer clientId=consumer-12, groupId=OrderSpringConsumers] Successfully joined group with generation 9
[Container] 2020-03-25 15:24:56.121  INFO 195 --- [ngConsumers-C-1] o.a.k.c.c.internals.AbstractCoordinator  : [Consumer clientId=consumer-6, groupId=OrderSpringConsumers] Successfully joined group with generation 9
[Container] 2020-03-25 15:24:56.121  INFO 195 --- [ngConsumers-C-1] o.a.k.c.c.internals.ConsumerCoordinator  : [Consumer clientId=consumer-12, groupId=OrderSpringConsumers] Setting newly assigned partitions [orders-0]
[Container] 2020-03-25 15:24:56.122  INFO 195 --- [ngConsumers-C-1] o.a.k.c.c.internals.ConsumerCoordinator  : [Consumer clientId=consumer-6, groupId=OrderSpringConsumers] Setting newly assigned partitions []
[Container] 2020-03-25 15:24:56.122  INFO 195 --- [ngConsumers-C-1] o.s.k.l.KafkaMessageListenerContainer    : partitions assigned: [orders-0]
[Container] 2020-03-25 15:24:56.122  INFO 195 --- [ngConsumers-C-1] o.s.k.l.KafkaMessageListenerContainer    : partitions assigned: []
[Container] 2020-03-25 15:24:56.164  INFO 195 --- [-auto-1-exec-10] o.h.h.i.QueryTranslatorFactoryInitiator  : HHH000397: Using ASTQueryTranslatorFactory
[Container] 2020-03-25 15:24:56.524  INFO 195 --- [           main] i.j.internal.reporters.LoggingReporter   : Span reported: aca9e00048ff1c59:aca9e00048ff1c59:0:1 - GET
[Container] 2020-03-25 15:24:56.525  INFO 195 --- [-auto-1-exec-10] i.j.internal.reporters.LoggingReporter   : Span reported: aca9e00048ff1c59:6fe448546059752:aca9e00048ff1c59:1 - getAllContainers
[Container] {"content":[{"id":"c1","latitude":0.0,"longitude":0.0,"type":"Reefer","status":"Empty","brand":"Brand","currentCity":"Oakland","capacity":100,"createdAt":"2020-03-25T15:24:44.678+0000","updatedAt":"2020-03-25T15:24:44.678+0000"},{"id":"c2","latitude":0.0,"longitude":0.0,"type":"Reefer","status":"Empty","brand":"Brand","currentCity":"Oakland","capacity":100,"createdAt":"2020-03-25T15:24:44.906+0000","updatedAt":"2020-03-25T15:24:44.929+0000"}],"pageable":{"sort":{"sorted":false,"unsorted":true,"empty":true},"pageSize":20,"pageNumber":0,"offset":0,"paged":true,"unpaged":false},"totalPages":1,"totalElements":2,"last":true,"number":0,"size":20,"numberOfElements":2,"sort":{"sorted":false,"unsorted":true,"empty":true},"first":true,"empty":false}
[Container] [[1;31mERROR[m] [1;31mTests [0;1mrun: [0;1m2[m, [1;31mFailures: [0;1;31m1[m, Errors: 0, Skipped: 0, Time elapsed: 11.562 s[1;31m <<< FAILURE![m - in it.container.kafka.[1mContainerAPITest[m
[Container] [[1;31mERROR[m] testGetContainers(it.container.kafka.ContainerAPITest)  Time elapsed: 0.533 s  <<< FAILURE!
[Container] java.lang.AssertionError: Invalid response from server : {"content":[{"id":"c1","latitude":0.0,"longitude":0.0,"type":"Reefer","status":"Empty","brand":"Brand","currentCity":"Oakland","capacity":100,"createdAt":"2020-03-25T15:24:44.678+0000","updatedAt":"2020-03-25T15:24:44.678+0000"},{"id":"c2","latitude":0.0,"longitude":0.0,"type":"Reefer","status":"Empty","brand":"Brand","currentCity":"Oakland","capacity":100,"createdAt":"2020-03-25T15:24:44.906+0000","updatedAt":"2020-03-25T15:24:44.929+0000"}],"pageable":{"sort":{"sorted":false,"unsorted":true,"empty":true},"pageSize":20,"pageNumber":0,"offset":0,"paged":true,"unpaged":false},"totalPages":1,"totalElements":2,"last":true,"number":0,"size":20,"numberOfElements":2,"sort":{"sorted":false,"unsorted":true,"empty":true},"first":true,"empty":false}
[Container] 	at it.container.kafka.ContainerAPITest.testGetContainers(ContainerAPITest.java:47)
[Container] 
[Container] [[1;34mINFO[m] Running it.container.kafka.[1mKafkaClientTest[m
[Container] 2020-03-25 15:24:56.534  INFO 195 --- [           main] it.container.kafka.KafkaClientTest       : Start auto
[Container] 2020-03-25 15:24:56.562  INFO 195 --- [           main] o.a.kafka.common.utils.AppInfoParser     : Kafka version : 2.0.1
[Container] 2020-03-25 15:24:56.562  INFO 195 --- [           main] o.a.kafka.common.utils.AppInfoParser     : Kafka commitId : fa14705e51bd2ce5
[Container] 2020-03-25 15:24:56.567  WARN 195 --- [           main] org.apache.kafka.clients.NetworkClient   : [Consumer clientId=consumer-13, groupId=testGroup2] Connection to node -1 could not be established. Broker may not be available.
[Container] 2020-03-25 15:24:56.668  WARN 195 --- [           main] org.apache.kafka.clients.NetworkClient   : [Consumer clientId=consumer-13, groupId=testGroup2] Connection to node -1 could not be established. Broker may not be available.
[Container] 2020-03-25 15:24:56.869  WARN 195 --- [           main] org.apache.kafka.clients.NetworkClient   : [Consumer clientId=consumer-13, groupId=testGroup2] Connection to node -1 could not be established. Broker may not be available.
[Container] 2020-03-25 15:24:57.171  WARN 195 --- [           main] org.apache.kafka.clients.NetworkClient   : [Consumer clientId=consumer-13, groupId=testGroup2] Connection to node -1 could not be established. Broker may not be available.
[Container] 2020-03-25 15:24:57.573  WARN 195 --- [           main] org.apache.kafka.clients.NetworkClient   : [Consumer clientId=consumer-13, groupId=testGroup2] Connection to node -1 could not be established. Broker may not be available.
[Container] 2020-03-25 15:24:58.577  WARN 195 --- [           main] org.apache.kafka.clients.NetworkClient   : [Consumer clientId=consumer-13, groupId=testGroup2] Connection to node -1 could not be established. Broker may not be available.
[Container] 2020-03-25 15:24:59.580  WARN 195 --- [           main] org.apache.kafka.clients.NetworkClient   : [Consumer clientId=consumer-13, groupId=testGroup2] Connection to node -1 could not be established. Broker may not be available.
[Container] 2020-03-25 15:25:00.483  WARN 195 --- [           main] org.apache.kafka.clients.NetworkClient   : [Consumer clientId=consumer-13, groupId=testGroup2] Connection to node -1 could not be established. Broker may not be available.
[Container] 2020-03-25 15:25:01.388  WARN 195 --- [           main] org.apache.kafka.clients.NetworkClient   : [Consumer clientId=consumer-13, groupId=testGroup2] Connection to node -1 could not be established. Broker may not be available.
[Container] 2020-03-25 15:25:02.593  WARN 195 --- [           main] org.apache.kafka.clients.NetworkClient   : [Consumer clientId=consumer-13, groupId=testGroup2] Connection to node -1 could not be established. Broker may not be available.
[Container] 2020-03-25 15:25:03.498  WARN 195 --- [           main] org.apache.kafka.clients.NetworkClient   : [Consumer clientId=consumer-13, groupId=testGroup2] Connection to node -1 could not be established. Broker may not be available.
[Container] 2020-03-25 15:25:04.402  WARN 195 --- [           main] org.apache.kafka.clients.NetworkClient   : [Consumer clientId=consumer-13, groupId=testGroup2] Connection to node -1 could not be established. Broker may not be available.
[Container] 2020-03-25 15:25:05.405  WARN 195 --- [           main] org.apache.kafka.clients.NetworkClient   : [Consumer clientId=consumer-13, groupId=testGroup2] Connection to node -1 could not be established. Broker may not be available.
[Container] 2020-03-25 15:25:06.408  WARN 195 --- [           main] org.apache.kafka.clients.NetworkClient   : [Consumer clientId=consumer-13, groupId=testGroup2] Connection to node -1 could not be established. Broker may not be available.
[Container] 2020-03-25 15:25:07.512  WARN 195 --- [           main] org.apache.kafka.clients.NetworkClient   : [Consumer clientId=consumer-13, groupId=testGroup2] Connection to node -1 could not be established. Broker may not be available.
[Container] 2020-03-25 15:25:08.317  WARN 195 --- [           main] org.apache.kafka.clients.NetworkClient   : [Consumer clientId=consumer-13, groupId=testGroup2] Connection to node -1 could not be established. Broker may not be available.
[Container] 2020-03-25 15:25:09.422  WARN 195 --- [           main] org.apache.kafka.clients.NetworkClient   : [Consumer clientId=consumer-13, groupId=testGroup2] Connection to node -1 could not be established. Broker may not be available.
[Container] 2020-03-25 15:25:10.525  WARN 195 --- [           main] org.apache.kafka.clients.NetworkClient   : [Consumer clientId=consumer-13, groupId=testGroup2] Connection to node -1 could not be established. Broker may not be available.
[Container] 2020-03-25 15:25:11.530  WARN 195 --- [           main] org.apache.kafka.clients.NetworkClient   : [Consumer clientId=consumer-13, groupId=testGroup2] Connection to node -1 could not be established. Broker may not be available.
[Container] 2020-03-25 15:25:12.634  WARN 195 --- [           main] org.apache.kafka.clients.NetworkClient   : [Consumer clientId=consumer-13, groupId=testGroup2] Connection to node -1 could not be established. Broker may not be available.
[Container] 2020-03-25 15:25:13.838  WARN 195 --- [           main] org.apache.kafka.clients.NetworkClient   : [Consumer clientId=consumer-13, groupId=testGroup2] Connection to node -1 could not be established. Broker may not be available.
[Container] 2020-03-25 15:25:14.942  WARN 195 --- [           main] org.apache.kafka.clients.NetworkClient   : [Consumer clientId=consumer-13, groupId=testGroup2] Connection to node -1 could not be established. Broker may not be available.
[Container] 2020-03-25 15:25:16.145  WARN 195 --- [           main] org.apache.kafka.clients.NetworkClient   : [Consumer clientId=consumer-13, groupId=testGroup2] Connection to node -1 could not be established. Broker may not be available.
[Container] 2020-03-25 15:25:17.249  WARN 195 --- [           main] org.apache.kafka.clients.NetworkClient   : [Consumer clientId=consumer-13, groupId=testGroup2] Connection to node -1 could not be established. Broker may not be available.
[Container] 2020-03-25 15:25:18.252  WARN 195 --- [           main] org.apache.kafka.clients.NetworkClient   : [Consumer clientId=consumer-13, groupId=testGroup2] Connection to node -1 could not be established. Broker may not be available.
[Container] 2020-03-25 15:25:19.455  WARN 195 --- [           main] org.apache.kafka.clients.NetworkClient   : [Consumer clientId=consumer-13, groupId=testGroup2] Connection to node -1 could not be established. Broker may not be available.
[Container] 2020-03-25 15:25:20.558  WARN 195 --- [           main] org.apache.kafka.clients.NetworkClient   : [Consumer clientId=consumer-13, groupId=testGroup2] Connection to node -1 could not be established. Broker may not be available.
[Container] 2020-03-25 15:25:21.662  WARN 195 --- [           main] org.apache.kafka.clients.NetworkClient   : [Consumer clientId=consumer-13, groupId=testGroup2] Connection to node -1 could not be established. Broker may not be available.
[Container] 2020-03-25 15:25:22.566  WARN 195 --- [           main] org.apache.kafka.clients.NetworkClient   : [Consumer clientId=consumer-13, groupId=testGroup2] Connection to node -1 could not be established. Broker may not be available.
[Container] 2020-03-25 15:25:23.470  WARN 195 --- [           main] org.apache.kafka.clients.NetworkClient   : [Consumer clientId=consumer-13, groupId=testGroup2] Connection to node -1 could not be established. Broker may not be available.
[Container] 2020-03-25 15:25:24.475  WARN 195 --- [           main] org.apache.kafka.clients.NetworkClient   : [Consumer clientId=consumer-13, groupId=testGroup2] Connection to node -1 could not be established. Broker may not be available.
[Container] 2020-03-25 15:25:25.378  WARN 195 --- [           main] org.apache.kafka.clients.NetworkClient   : [Consumer clientId=consumer-13, groupId=testGroup2] Connection to node -1 could not be established. Broker may not be available.
[Container] 2020-03-25 15:25:26.481  WARN 195 --- [           main] org.apache.kafka.clients.NetworkClient   : [Consumer clientId=consumer-13, groupId=testGroup2] Connection to node -1 could not be established. Broker may not be available.
[Container] 2020-03-25 15:25:27.585  WARN 195 --- [           main] org.apache.kafka.clients.NetworkClient   : [Consumer clientId=consumer-13, groupId=testGroup2] Connection to node -1 could not be established. Broker may not be available.
[Container] 2020-03-25 15:25:28.487  WARN 195 --- [           main] org.apache.kafka.clients.NetworkClient   : [Consumer clientId=consumer-13, groupId=testGroup2] Connection to node -1 could not be established. Broker may not be available.
[Container] 2020-03-25 15:25:29.590  WARN 195 --- [           main] org.apache.kafka.clients.NetworkClient   : [Consumer clientId=consumer-13, groupId=testGroup2] Connection to node -1 could not be established. Broker may not be available.
[Container] 2020-03-25 15:25:30.596  WARN 195 --- [           main] org.apache.kafka.clients.NetworkClient   : [Consumer clientId=consumer-13, groupId=testGroup2] Connection to node -1 could not be established. Broker may not be available.
[Container] 2020-03-25 15:25:31.799  WARN 195 --- [           main] org.apache.kafka.clients.NetworkClient   : [Consumer clientId=consumer-13, groupId=testGroup2] Connection to node -1 could not be established. Broker may not be available.
[Container] 2020-03-25 15:25:32.805  WARN 195 --- [           main] org.apache.kafka.clients.NetworkClient   : [Consumer clientId=consumer-13, groupId=testGroup2] Connection to node -1 could not be established. Broker may not be available.
[Container] 2020-03-25 15:25:33.712  WARN 195 --- [           main] org.apache.kafka.clients.NetworkClient   : [Consumer clientId=consumer-13, groupId=testGroup2] Connection to node -1 could not be established. Broker may not be available.
[Container] 2020-03-25 15:25:34.815  WARN 195 --- [           main] org.apache.kafka.clients.NetworkClient   : [Consumer clientId=consumer-13, groupId=testGroup2] Connection to node -1 could not be established. Broker may not be available.
[Container] 2020-03-25 15:25:35.821  WARN 195 --- [           main] org.apache.kafka.clients.NetworkClient   : [Consumer clientId=consumer-13, groupId=testGroup2] Connection to node -1 could not be established. Broker may not be available.
[Container] 2020-03-25 15:25:36.824  WARN 195 --- [           main] org.apache.kafka.clients.NetworkClient   : [Consumer clientId=consumer-13, groupId=testGroup2] Connection to node -1 could not be established. Broker may not be available.
[Container] 2020-03-25 15:25:37.928  WARN 195 --- [           main] org.apache.kafka.clients.NetworkClient   : [Consumer clientId=consumer-13, groupId=testGroup2] Connection to node -1 could not be established. Broker may not be available.
[Container] 2020-03-25 15:25:38.934  WARN 195 --- [           main] org.apache.kafka.clients.NetworkClient   : [Consumer clientId=consumer-13, groupId=testGroup2] Connection to node -1 could not be established. Broker may not be available.
[Container] 2020-03-25 15:25:40.038  WARN 195 --- [           main] org.apache.kafka.clients.NetworkClient   : [Consumer clientId=consumer-13, groupId=testGroup2] Connection to node -1 could not be established. Broker may not be available.
[Container] 2020-03-25 15:25:41.041  WARN 195 --- [           main] org.apache.kafka.clients.NetworkClient   : [Consumer clientId=consumer-13, groupId=testGroup2] Connection to node -1 could not be established. Broker may not be available.
[Container] 2020-03-25 15:25:41.944  WARN 195 --- [           main] org.apache.kafka.clients.NetworkClient   : [Consumer clientId=consumer-13, groupId=testGroup2] Connection to node -1 could not be established. Broker may not be available.
[Container] 2020-03-25 15:25:42.747  WARN 195 --- [           main] org.apache.kafka.clients.NetworkClient   : [Consumer clientId=consumer-13, groupId=testGroup2] Connection to node -1 could not be established. Broker may not be available.
[Container] 2020-03-25 15:25:43.857  WARN 195 --- [           main] org.apache.kafka.clients.NetworkClient   : [Consumer clientId=consumer-13, groupId=testGroup2] Connection to node -1 could not be established. Broker may not be available.
[Container] 2020-03-25 15:25:44.762  WARN 195 --- [           main] org.apache.kafka.clients.NetworkClient   : [Consumer clientId=consumer-13, groupId=testGroup2] Connection to node -1 could not be established. Broker may not be available.
[Container] 2020-03-25 15:25:45.869  WARN 195 --- [           main] org.apache.kafka.clients.NetworkClient   : [Consumer clientId=consumer-13, groupId=testGroup2] Connection to node -1 could not be established. Broker may not be available.
[Container] 2020-03-25 15:25:47.077  WARN 195 --- [           main] org.apache.kafka.clients.NetworkClient   : [Consumer clientId=consumer-13, groupId=testGroup2] Connection to node -1 could not be established. Broker may not be available.
[Container] 2020-03-25 15:25:48.282  WARN 195 --- [           main] org.apache.kafka.clients.NetworkClient   : [Consumer clientId=consumer-13, groupId=testGroup2] Connection to node -1 could not be established. Broker may not be available.
[Container] 2020-03-25 15:25:49.387  WARN 195 --- [           main] org.apache.kafka.clients.NetworkClient   : [Consumer clientId=consumer-13, groupId=testGroup2] Connection to node -1 could not be established. Broker may not be available.
[Container] 2020-03-25 15:25:50.593  WARN 195 --- [           main] org.apache.kafka.clients.NetworkClient   : [Consumer clientId=consumer-13, groupId=testGroup2] Connection to node -1 could not be established. Broker may not be available.
[Container] 2020-03-25 15:25:51.498  WARN 195 --- [           main] org.apache.kafka.clients.NetworkClient   : [Consumer clientId=consumer-13, groupId=testGroup2] Connection to node -1 could not be established. Broker may not be available.
[Container] 2020-03-25 15:25:52.604  WARN 195 --- [           main] org.apache.kafka.clients.NetworkClient   : [Consumer clientId=consumer-13, groupId=testGroup2] Connection to node -1 could not be established. Broker may not be available.
[Container] 2020-03-25 15:25:53.508  WARN 195 --- [           main] org.apache.kafka.clients.NetworkClient   : [Consumer clientId=consumer-13, groupId=testGroup2] Connection to node -1 could not be established. Broker may not be available.
[Container] 2020-03-25 15:25:54.412  WARN 195 --- [           main] org.apache.kafka.clients.NetworkClient   : [Consumer clientId=consumer-13, groupId=testGroup2] Connection to node -1 could not be established. Broker may not be available.
[Container] 2020-03-25 15:25:55.316  WARN 195 --- [           main] org.apache.kafka.clients.NetworkClient   : [Consumer clientId=consumer-13, groupId=testGroup2] Connection to node -1 could not be established. Broker may not be available.
[Container] 2020-03-25 15:25:56.422  WARN 195 --- [           main] org.apache.kafka.clients.NetworkClient   : [Consumer clientId=consumer-13, groupId=testGroup2] Connection to node -1 could not be established. Broker may not be available.
[Container] [[1;31mERROR[m] [1;31mTests [0;1mrun: [0;1m1[m, Failures: 0, [1;31mErrors: [0;1;31m1[m, Skipped: 0, Time elapsed: 59.992 s[1;31m <<< FAILURE![m - in it.container.kafka.[1mKafkaClientTest[m
[Container] [[1;31mERROR[m] testAutoCommit(it.container.kafka.KafkaClientTest)  Time elapsed: 59.99 s  <<< ERROR!
[Container] org.apache.kafka.common.errors.TimeoutException: Timeout expired while fetching topic metadata
[Container] 
[Container] 2020-03-25 15:25:56.599  INFO 195 --- [      Thread-16] o.s.s.concurrent.ThreadPoolTaskExecutor  : Shutting down ExecutorService 'applicationTaskExecutor'
[Container] 2020-03-25 15:25:56.600  INFO 195 --- [      Thread-11] o.s.s.concurrent.ThreadPoolTaskExecutor  : Shutting down ExecutorService 'applicationTaskExecutor'
[Container] 2020-03-25 15:25:56.605  INFO 195 --- [      Thread-16] j.LocalContainerEntityManagerFactoryBean : Closing JPA EntityManagerFactory for persistence unit 'default'
[Container] 2020-03-25 15:25:56.611  INFO 195 --- [      Thread-11] j.LocalContainerEntityManagerFactoryBean : Closing JPA EntityManagerFactory for persistence unit 'default'
[Container] 2020-03-25 15:25:56.613  INFO 195 --- [      Thread-11] com.zaxxer.hikari.HikariDataSource       : HikariPool-1 - Shutdown initiated...
[Container] 2020-03-25 15:25:56.618  INFO 195 --- [      Thread-11] com.zaxxer.hikari.HikariDataSource       : HikariPool-1 - Shutdown completed.
[Container] 2020-03-25 15:25:56.626  INFO 195 --- [      Thread-16] com.zaxxer.hikari.HikariDataSource       : HikariPool-2 - Shutdown initiated...
[Container] 2020-03-25 15:25:56.632  INFO 195 --- [      Thread-16] com.zaxxer.hikari.HikariDataSource       : HikariPool-2 - Shutdown completed.
[Container] [[1;34mINFO[m] 
[Container] [[1;34mINFO[m] Results:
[Container] [[1;34mINFO[m] 
[Container] [[1;31mERROR[m] [1;31mFailures: [m
[Container] [[1;31mERROR[m] [1;31m  ContainerAPITest.testGetContainers:47 Invalid response from server : {"content":[{"id":"c1","latitude":0.0,"longitude":0.0,"type":"Reefer","status":"Empty","brand":"Brand","currentCity":"Oakland","capacity":100,"createdAt":"2020-03-25T15:24:44.678+0000","updatedAt":"2020-03-25T15:24:44.678+0000"},{"id":"c2","latitude":0.0,"longitude":0.0,"type":"Reefer","status":"Empty","brand":"Brand","currentCity":"Oakland","capacity":100,"createdAt":"2020-03-25T15:24:44.906+0000","updatedAt":"2020-03-25T15:24:44.929+0000"}],"pageable":{"sort":{"sorted":false,"unsorted":true,"empty":true},"pageSize":20,"pageNumber":0,"offset":0,"paged":true,"unpaged":false},"totalPages":1,"totalElements":2,"last":true,"number":0,"size":20,"numberOfElements":2,"sort":{"sorted":false,"unsorted":true,"empty":true},"first":true,"empty":false}[m
[Container] [[1;31mERROR[m] [1;31mErrors: [m
[Container] [[1;31mERROR[m] [1;31m  HealthEndpointTest.initializationError » IllegalState Unable to find a @Spring...[m
[Container] [[1;31mERROR[m] [1;31m  KafkaClientTest.testAutoCommit » Timeout Timeout expired while fetching topic ...[m
[Container] [[1;34mINFO[m] 
[Container] [[1;31mERROR[m] [1;31mTests run: 22, Failures: 1, Errors: 2, Skipped: 0[m
[Container] [[1;34mINFO[m] 
[Container] [[1;34mINFO[m] [1m------------------------------------------------------------------------[m
[Container] [[1;34mINFO[m] [1;31mBUILD FAILURE[m
[Container] [[1;34mINFO[m] [1m------------------------------------------------------------------------[m
[Container] [[1;34mINFO[m] Total time:  01:47 min
[Container] [[1;34mINFO[m] Finished at: 2020-03-25T15:25:56Z
[Container] [[1;34mINFO[m] [1m------------------------------------------------------------------------[m
[Container] [[1;31mERROR[m] Failed to execute goal [32morg.apache.maven.plugins:maven-surefire-plugin:2.22.2:test[m [1m(default-test)[m on project [36mspring-container-ms[m: [1;31mThere are test failures.[m
[Container] [[1;31mERROR[m] [1;31m[m
[Container] [[1;31mERROR[m] [1;31mPlease refer to /project/user-app/target/surefire-reports for the individual test results.[m
[Container] [[1;31mERROR[m] [1;31mPlease refer to dump files (if any exist) [date].dump, [date]-jvmRun[N].dump and [date].dumpstream.[m
[Container] [[1;31mERROR[m] -> [1m[Help 1][m
[Container] [[1;31mERROR[m] 
[Container] [[1;31mERROR[m] To see the full stack trace of the errors, re-run Maven with the [1m-e[m switch.
[Container] [[1;31mERROR[m] Re-run Maven using the [1m-X[m switch to enable full debug logging.
[Container] [[1;31mERROR[m] 
[Container] [[1;31mERROR[m] For more information about the errors and possible solutions, please read the following articles:
[Container] [[1;31mERROR[m] [1m[Help 1][m http://cwiki.apache.org/confluence/display/MAVEN/MojoFailureException
[Container] [Error] Wait received error with status code: 1 due to error: exit status 1
